# JRE version: Java(TM) SE Runtime Environment (8.0_261-b12) (build 1.8.0_261-b12)
# Java VM: Java HotSpot(TM) 64-Bit Server VM (25.261-b12 mixed mode windows-amd64 compressed oops)
Heap:
 PSYoungGen      total 152064K, used 141990K [0x00000000f5580000, 0x0000000100000000, 0x0000000100000000)
  eden space 133632K, 92% used [0x00000000f5580000,0x00000000fce2de68,0x00000000fd800000)
  from space 18432K, 99% used [0x00000000fee00000,0x00000000ffffbb78,0x0000000100000000)
  to   space 20480K, 0% used [0x00000000fd800000,0x00000000fd800000,0x00000000fec00000)
 ParOldGen       total 179712K, used 24903K [0x00000000e0000000, 0x00000000eaf80000, 0x00000000f5580000)
  object space 179712K, 13% used [0x00000000e0000000,0x00000000e1851f90,0x00000000eaf80000)
 Metaspace       used 51773K, capacity 53172K, committed 53248K, reserved 1095680K
  class space    used 7030K, capacity 7391K, committed 7424K, reserved 1048576K
GC Heap History (10 events):
Event: 5.347 GC heap before
{Heap before GC invocations=8 (full 2):
 PSYoungGen      total 108032K, used 8466K [0x00000000f5580000, 0x00000000fcf00000, 0x0000000100000000)
  eden space 95744K, 0% used [0x00000000f5580000,0x00000000f5580000,0x00000000fb300000)
  from space 12288K, 68% used [0x00000000fbf00000,0x00000000fc744a20,0x00000000fcb00000)
  to   space 12288K, 0% used [0x00000000fb300000,0x00000000fb300000,0x00000000fbf00000)
 ParOldGen       total 175104K, used 11754K [0x00000000e0000000, 0x00000000eab00000, 0x00000000f5580000)
  object space 175104K, 6% used [0x00000000e0000000,0x00000000e0b7aa40,0x00000000eab00000)
 Metaspace       used 34525K, capacity 35304K, committed 35416K, reserved 1079296K
  class space    used 4866K, capacity 5067K, committed 5120K, reserved 1048576K
Event: 5.408 GC heap after
Heap after GC invocations=8 (full 2):
 PSYoungGen      total 108032K, used 0K [0x00000000f5580000, 0x00000000fcf00000, 0x0000000100000000)
  eden space 95744K, 0% used [0x00000000f5580000,0x00000000f5580000,0x00000000fb300000)
  from space 12288K, 0% used [0x00000000fbf00000,0x00000000fbf00000,0x00000000fcb00000)
  to   space 12288K, 0% used [0x00000000fb300000,0x00000000fb300000,0x00000000fbf00000)
 ParOldGen       total 179712K, used 14767K [0x00000000e0000000, 0x00000000eaf80000, 0x00000000f5580000)
  object space 179712K, 8% used [0x00000000e0000000,0x00000000e0e6bcd8,0x00000000eaf80000)
 Metaspace       used 34518K, capacity 35280K, committed 35416K, reserved 1079296K
  class space    used 4864K, capacity 5063K, committed 5120K, reserved 1048576K
}
Event: 6.396 GC heap before
{Heap before GC invocations=9 (full 2):
 PSYoungGen      total 108032K, used 95744K [0x00000000f5580000, 0x00000000fcf00000, 0x0000000100000000)
  eden space 95744K, 100% used [0x00000000f5580000,0x00000000fb300000,0x00000000fb300000)
  from space 12288K, 0% used [0x00000000fbf00000,0x00000000fbf00000,0x00000000fcb00000)
  to   space 12288K, 0% used [0x00000000fb300000,0x00000000fb300000,0x00000000fbf00000)
 ParOldGen       total 179712K, used 14767K [0x00000000e0000000, 0x00000000eaf80000, 0x00000000f5580000)
  object space 179712K, 8% used [0x00000000e0000000,0x00000000e0e6bcd8,0x00000000eaf80000)
 Metaspace       used 39252K, capacity 40410K, committed 40576K, reserved 1083392K
  class space    used 5656K, capacity 5950K, committed 6016K, reserved 1048576K
Event: 6.404 GC heap after
Heap after GC invocations=9 (full 2):
 PSYoungGen      total 108032K, used 8900K [0x00000000f5580000, 0x00000000fea00000, 0x0000000100000000)
  eden space 95744K, 0% used [0x00000000f5580000,0x00000000f5580000,0x00000000fb300000)
  from space 12288K, 72% used [0x00000000fb300000,0x00000000fbbb1048,0x00000000fbf00000)
  to   space 11776K, 0% used [0x00000000fde80000,0x00000000fde80000,0x00000000fea00000)
 ParOldGen       total 179712K, used 14775K [0x00000000e0000000, 0x00000000eaf80000, 0x00000000f5580000)
  object space 179712K, 8% used [0x00000000e0000000,0x00000000e0e6dcd8,0x00000000eaf80000)
 Metaspace       used 39252K, capacity 40410K, committed 40576K, reserved 1083392K
  class space    used 5656K, capacity 5950K, committed 6016K, reserved 1048576K
}
Event: 9.039 GC heap before
{Heap before GC invocations=10 (full 2):
 PSYoungGen      total 108032K, used 104644K [0x00000000f5580000, 0x00000000fea00000, 0x0000000100000000)
  eden space 95744K, 100% used [0x00000000f5580000,0x00000000fb300000,0x00000000fb300000)
  from space 12288K, 72% used [0x00000000fb300000,0x00000000fbbb1048,0x00000000fbf00000)
  to   space 11776K, 0% used [0x00000000fde80000,0x00000000fde80000,0x00000000fea00000)
 ParOldGen       total 179712K, used 14775K [0x00000000e0000000, 0x00000000eaf80000, 0x00000000f5580000)
  object space 179712K, 8% used [0x00000000e0000000,0x00000000e0e6dcd8,0x00000000eaf80000)
 Metaspace       used 45097K, capacity 46248K, committed 46464K, reserved 1089536K
  class space    used 6351K, capacity 6671K, committed 6784K, reserved 1048576K
Event: 9.051 GC heap after
Heap after GC invocations=10 (full 2):
 PSYoungGen      total 136704K, used 11744K [0x00000000f5580000, 0x00000000fee00000, 0x0000000100000000)
  eden space 124928K, 0% used [0x00000000f5580000,0x00000000f5580000,0x00000000fcf80000)
  from space 11776K, 99% used [0x00000000fde80000,0x00000000fe9f8070,0x00000000fea00000)
  to   space 15360K, 0% used [0x00000000fcf80000,0x00000000fcf80000,0x00000000fde80000)
 ParOldGen       total 179712K, used 20558K [0x00000000e0000000, 0x00000000eaf80000, 0x00000000f5580000)
  object space 179712K, 11% used [0x00000000e0000000,0x00000000e1413b60,0x00000000eaf80000)
 Metaspace       used 45097K, capacity 46248K, committed 46464K, reserved 1089536K
  class space    used 6351K, capacity 6671K, committed 6784K, reserved 1048576K
}
Event: 12.748 GC heap before
{Heap before GC invocations=11 (full 2):
 PSYoungGen      total 136704K, used 136672K [0x00000000f5580000, 0x00000000fee00000, 0x0000000100000000)
  eden space 124928K, 100% used [0x00000000f5580000,0x00000000fcf80000,0x00000000fcf80000)
  from space 11776K, 99% used [0x00000000fde80000,0x00000000fe9f8070,0x00000000fea00000)
  to   space 15360K, 0% used [0x00000000fcf80000,0x00000000fcf80000,0x00000000fde80000)
 ParOldGen       total 179712K, used 20558K [0x00000000e0000000, 0x00000000eaf80000, 0x00000000f5580000)
  object space 179712K, 11% used [0x00000000e0000000,0x00000000e1413b60,0x00000000eaf80000)
 Metaspace       used 50448K, capacity 51756K, committed 51840K, reserved 1093632K
  class space    used 6924K, capacity 7287K, committed 7296K, reserved 1048576K
Event: 12.774 GC heap after
Heap after GC invocations=11 (full 2):
 PSYoungGen      total 140288K, used 15338K [0x00000000f5580000, 0x0000000100000000, 0x0000000100000000)
  eden space 124928K, 0% used [0x00000000f5580000,0x00000000f5580000,0x00000000fcf80000)
  from space 15360K, 99% used [0x00000000fcf80000,0x00000000fde7a9d0,0x00000000fde80000)
  to   space 18432K, 0% used [0x00000000fee00000,0x00000000fee00000,0x0000000100000000)
 ParOldGen       total 179712K, used 24724K [0x00000000e0000000, 0x00000000eaf80000, 0x00000000f5580000)
  object space 179712K, 13% used [0x00000000e0000000,0x00000000e1825048,0x00000000eaf80000)
 Metaspace       used 50448K, capacity 51756K, committed 51840K, reserved 1093632K
  class space    used 6924K, capacity 7287K, committed 7296K, reserved 1048576K
}
Event: 13.610 GC heap before
{Heap before GC invocations=12 (full 2):
 PSYoungGen      total 140288K, used 140229K [0x00000000f5580000, 0x0000000100000000, 0x0000000100000000)
  eden space 124928K, 99% used [0x00000000f5580000,0x00000000fcf76b20,0x00000000fcf80000)
  from space 15360K, 99% used [0x00000000fcf80000,0x00000000fde7a9d0,0x00000000fde80000)
  to   space 18432K, 0% used [0x00000000fee00000,0x00000000fee00000,0x0000000100000000)
 ParOldGen       total 179712K, used 24724K [0x00000000e0000000, 0x00000000eaf80000, 0x00000000f5580000)
  object space 179712K, 13% used [0x00000000e0000000,0x00000000e1825048,0x00000000eaf80000)
 Metaspace       used 51222K, capacity 52574K, committed 52736K, reserved 1095680K
  class space    used 6999K, capacity 7348K, committed 7424K, reserved 1048576K
Event: 13.624 GC heap after
Heap after GC invocations=12 (full 2):
 PSYoungGen      total 152064K, used 18414K [0x00000000f5580000, 0x0000000100000000, 0x0000000100000000)
  eden space 133632K, 0% used [0x00000000f5580000,0x00000000f5580000,0x00000000fd800000)
  from space 18432K, 99% used [0x00000000fee00000,0x00000000ffffbb78,0x0000000100000000)
  to   space 20480K, 0% used [0x00000000fd800000,0x00000000fd800000,0x00000000fec00000)
 ParOldGen       total 179712K, used 24903K [0x00000000e0000000, 0x00000000eaf80000, 0x00000000f5580000)
  object space 179712K, 13% used [0x00000000e0000000,0x00000000e1851f90,0x00000000eaf80000)
 Metaspace       used 51222K, capacity 52574K, committed 52736K, reserved 1095680K
  class space    used 6999K, capacity 7348K, committed 7424K, reserved 1048576K
}

