# JRE version: Java(TM) SE Runtime Environment (8.0_261-b12) (build 1.8.0_261-b12)
# Java VM: Java HotSpot(TM) 64-Bit Server VM (25.261-b12 mixed mode windows-amd64 compressed oops)
Heap:
 PSYoungGen      total 145920K, used 93858K [0x00000000f5580000, 0x0000000100000000, 0x0000000100000000)
  eden space 129536K, 59% used [0x00000000f5580000,0x00000000fa128f30,0x00000000fd400000)
  from space 16384K, 99% used [0x00000000ff000000,0x00000000fffff8d0,0x0000000100000000)
  to   space 22528K, 0% used [0x00000000fd400000,0x00000000fd400000,0x00000000fea00000)
 ParOldGen       total 175104K, used 31307K [0x00000000e0000000, 0x00000000eab00000, 0x00000000f5580000)
  object space 175104K, 17% used [0x00000000e0000000,0x00000000e1e92c38,0x00000000eab00000)
 Metaspace       used 49519K, capacity 51134K, committed 51240K, reserved 1093632K
  class space    used 6774K, capacity 7162K, committed 7208K, reserved 1048576K
GC Heap History (10 events):
Event: 22.336 GC heap before
{Heap before GC invocations=8 (full 2):
 PSYoungGen      total 118784K, used 8910K [0x00000000f5580000, 0x00000000fe080000, 0x0000000100000000)
  eden space 105984K, 0% used [0x00000000f5580000,0x00000000f5580000,0x00000000fbd00000)
  from space 12800K, 69% used [0x00000000fc900000,0x00000000fd1b3880,0x00000000fd580000)
  to   space 12288K, 0% used [0x00000000fbd00000,0x00000000fbd00000,0x00000000fc900000)
 ParOldGen       total 175104K, used 11690K [0x00000000e0000000, 0x00000000eab00000, 0x00000000f5580000)
  object space 175104K, 6% used [0x00000000e0000000,0x00000000e0b6a818,0x00000000eab00000)
 Metaspace       used 34746K, capacity 35426K, committed 35496K, reserved 1079296K
  class space    used 4838K, capacity 5014K, committed 5032K, reserved 1048576K
Event: 22.509 GC heap after
Heap after GC invocations=8 (full 2):
 PSYoungGen      total 118784K, used 0K [0x00000000f5580000, 0x00000000fe080000, 0x0000000100000000)
  eden space 105984K, 0% used [0x00000000f5580000,0x00000000f5580000,0x00000000fbd00000)
  from space 12800K, 0% used [0x00000000fc900000,0x00000000fc900000,0x00000000fd580000)
  to   space 12288K, 0% used [0x00000000fbd00000,0x00000000fbd00000,0x00000000fc900000)
 ParOldGen       total 175104K, used 15334K [0x00000000e0000000, 0x00000000eab00000, 0x00000000f5580000)
  object space 175104K, 8% used [0x00000000e0000000,0x00000000e0ef99a8,0x00000000eab00000)
 Metaspace       used 34746K, capacity 35426K, committed 35496K, reserved 1079296K
  class space    used 4838K, capacity 5014K, committed 5032K, reserved 1048576K
}
Event: 25.135 GC heap before
{Heap before GC invocations=9 (full 2):
 PSYoungGen      total 118784K, used 105984K [0x00000000f5580000, 0x00000000fe080000, 0x0000000100000000)
  eden space 105984K, 100% used [0x00000000f5580000,0x00000000fbd00000,0x00000000fbd00000)
  from space 12800K, 0% used [0x00000000fc900000,0x00000000fc900000,0x00000000fd580000)
  to   space 12288K, 0% used [0x00000000fbd00000,0x00000000fbd00000,0x00000000fc900000)
 ParOldGen       total 175104K, used 15334K [0x00000000e0000000, 0x00000000eab00000, 0x00000000f5580000)
  object space 175104K, 8% used [0x00000000e0000000,0x00000000e0ef99a8,0x00000000eab00000)
 Metaspace       used 39880K, capacity 41098K, committed 41384K, reserved 1085440K
  class space    used 5703K, capacity 5975K, committed 6056K, reserved 1048576K
Event: 25.156 GC heap after
Heap after GC invocations=9 (full 2):
 PSYoungGen      total 118272K, used 9407K [0x00000000f5580000, 0x00000000fff80000, 0x0000000100000000)
  eden space 105984K, 0% used [0x00000000f5580000,0x00000000f5580000,0x00000000fbd00000)
  from space 12288K, 76% used [0x00000000fbd00000,0x00000000fc62fdd8,0x00000000fc900000)
  to   space 12288K, 0% used [0x00000000ff380000,0x00000000ff380000,0x00000000fff80000)
 ParOldGen       total 175104K, used 15342K [0x00000000e0000000, 0x00000000eab00000, 0x00000000f5580000)
  object space 175104K, 8% used [0x00000000e0000000,0x00000000e0efb9a8,0x00000000eab00000)
 Metaspace       used 39880K, capacity 41098K, committed 41384K, reserved 1085440K
  class space    used 5703K, capacity 5975K, committed 6056K, reserved 1048576K
}
Event: 28.740 GC heap before
{Heap before GC invocations=10 (full 2):
 PSYoungGen      total 118272K, used 115391K [0x00000000f5580000, 0x00000000fff80000, 0x0000000100000000)
  eden space 105984K, 100% used [0x00000000f5580000,0x00000000fbd00000,0x00000000fbd00000)
  from space 12288K, 76% used [0x00000000fbd00000,0x00000000fc62fdd8,0x00000000fc900000)
  to   space 12288K, 0% used [0x00000000ff380000,0x00000000ff380000,0x00000000fff80000)
 ParOldGen       total 175104K, used 15342K [0x00000000e0000000, 0x00000000eab00000, 0x00000000f5580000)
  object space 175104K, 8% used [0x00000000e0000000,0x00000000e0efb9a8,0x00000000eab00000)
 Metaspace       used 45392K, capacity 46788K, committed 47016K, reserved 1089536K
  class space    used 6357K, capacity 6708K, committed 6824K, reserved 1048576K
Event: 28.769 GC heap after
Heap after GC invocations=10 (full 2):
 PSYoungGen      total 154112K, used 12272K [0x00000000f5580000, 0x0000000100000000, 0x0000000100000000)
  eden space 141824K, 0% used [0x00000000f5580000,0x00000000f5580000,0x00000000fe000000)
  from space 12288K, 99% used [0x00000000ff380000,0x00000000fff7c050,0x00000000fff80000)
  to   space 16384K, 0% used [0x00000000fe000000,0x00000000fe000000,0x00000000ff000000)
 ParOldGen       total 175104K, used 22561K [0x00000000e0000000, 0x00000000eab00000, 0x00000000f5580000)
  object space 175104K, 12% used [0x00000000e0000000,0x00000000e1608748,0x00000000eab00000)
 Metaspace       used 45392K, capacity 46788K, committed 47016K, reserved 1089536K
  class space    used 6357K, capacity 6708K, committed 6824K, reserved 1048576K
}
Event: 34.563 GC heap before
{Heap before GC invocations=11 (full 2):
 PSYoungGen      total 154112K, used 154096K [0x00000000f5580000, 0x0000000100000000, 0x0000000100000000)
  eden space 141824K, 100% used [0x00000000f5580000,0x00000000fe000000,0x00000000fe000000)
  from space 12288K, 99% used [0x00000000ff380000,0x00000000fff7c050,0x00000000fff80000)
  to   space 16384K, 0% used [0x00000000fe000000,0x00000000fe000000,0x00000000ff000000)
 ParOldGen       total 175104K, used 22561K [0x00000000e0000000, 0x00000000eab00000, 0x00000000f5580000)
  object space 175104K, 12% used [0x00000000e0000000,0x00000000e1608748,0x00000000eab00000)
 Metaspace       used 48244K, capacity 49656K, committed 49832K, reserved 1091584K
  class space    used 6601K, capacity 6958K, committed 7080K, reserved 1048576K
Event: 34.979 GC heap after
Heap after GC invocations=11 (full 2):
 PSYoungGen      total 158208K, used 16352K [0x00000000f5580000, 0x0000000100000000, 0x0000000100000000)
  eden space 141824K, 0% used [0x00000000f5580000,0x00000000f5580000,0x00000000fe000000)
  from space 16384K, 99% used [0x00000000fe000000,0x00000000feff8050,0x00000000ff000000)
  to   space 16384K, 0% used [0x00000000ff000000,0x00000000ff000000,0x0000000100000000)
 ParOldGen       total 175104K, used 27492K [0x00000000e0000000, 0x00000000eab00000, 0x00000000f5580000)
  object space 175104K, 15% used [0x00000000e0000000,0x00000000e1ad9118,0x00000000eab00000)
 Metaspace       used 48244K, capacity 49656K, committed 49832K, reserved 1091584K
  class space    used 6601K, capacity 6958K, committed 7080K, reserved 1048576K
}
Event: 36.998 GC heap before
{Heap before GC invocations=12 (full 2):
 PSYoungGen      total 158208K, used 158172K [0x00000000f5580000, 0x0000000100000000, 0x0000000100000000)
  eden space 141824K, 99% used [0x00000000f5580000,0x00000000fdfff138,0x00000000fe000000)
  from space 16384K, 99% used [0x00000000fe000000,0x00000000feff8050,0x00000000ff000000)
  to   space 16384K, 0% used [0x00000000ff000000,0x00000000ff000000,0x0000000100000000)
 ParOldGen       total 175104K, used 27492K [0x00000000e0000000, 0x00000000eab00000, 0x00000000f5580000)
  object space 175104K, 15% used [0x00000000e0000000,0x00000000e1ad9118,0x00000000eab00000)
 Metaspace       used 49093K, capacity 50588K, committed 50728K, reserved 1093632K
  class space    used 6715K, capacity 7094K, committed 7208K, reserved 1048576K
Event: 37.035 GC heap after
Heap after GC invocations=12 (full 2):
 PSYoungGen      total 145920K, used 16382K [0x00000000f5580000, 0x0000000100000000, 0x0000000100000000)
  eden space 129536K, 0% used [0x00000000f5580000,0x00000000f5580000,0x00000000fd400000)
  from space 16384K, 99% used [0x00000000ff000000,0x00000000fffff8d0,0x0000000100000000)
  to   space 22528K, 0% used [0x00000000fd400000,0x00000000fd400000,0x00000000fea00000)
 ParOldGen       total 175104K, used 31307K [0x00000000e0000000, 0x00000000eab00000, 0x00000000f5580000)
  object space 175104K, 17% used [0x00000000e0000000,0x00000000e1e92c38,0x00000000eab00000)
 Metaspace       used 49093K, capacity 50588K, committed 50728K, reserved 1093632K
  class space    used 6715K, capacity 7094K, committed 7208K, reserved 1048576K
}

